<?xml version="1.0" encoding="UTF-8"?>
<testsuite name="com.ll.AppTests" tests="2" skipped="0" failures="0" errors="0" timestamp="2023-03-06T05:48:05" hostname="jeongsanghwaui-MacBookPro.local" time="0.021">
  <properties/>
  <testcase name="스캐너에 키보드가 아닌 문자열을 입력으로 설정" classname="com.ll.AppTests" time="0.02"/>
  <testcase name="출력을 모니터에 하지 않고 문자열로 얻기" classname="com.ll.AppTests" time="0.001"/>
  <system-out><![CDATA[]]></system-out>
  <system-err><![CDATA[]]></system-err>
</testsuite>
